<?xml version="1.0" encoding="UTF-8"?>
<testsuite xmlns:xsi="http://www.w3.org/2001/XMLSchema-instance" xsi:noNamespaceSchemaLocation="https://maven.apache.org/surefire/maven-surefire-plugin/xsd/surefire-test-report.xsd" version="3.0.2" name="aws.todolist.api_gateway.BackEndApplicationTests" time="3.447" tests="1" errors="0" skipped="0" failures="0">
  <properties>
[...]
</properties>
  <testcase name="contextLoads" classname="aws.todolist.api_gateway.BackEndApplicationTests" time="0.452">
    <system-out><![CDATA[20:18:07.016 [main] INFO org.springframework.test.context.support.AnnotationConfigContextLoaderUtils -- Could not detect default configuration classes for test class [aws.todolist.api_gateway.BackEndApplicationTests]: BackEndApplicationTests does not declare any static, non-private, non-final, nested classes annotated with @Configuration.
20:18:07.082 [main] INFO org.springframework.boot.test.context.SpringBootTestContextBootstrapper -- Found @SpringBootConfiguration aws.todolist.api_gateway.ApiGatewayApplication for test class aws.todolist.api_gateway.BackEndApplicationTests
20:18:07.301 [main] INFO org.springframework.boot.devtools.restart.RestartApplicationListener -- Restart disabled due to context in which it is running

  .   ____          _            __ _ _
 /\\ / ___'_ __ _ _(_)_ __  __ _ \ \ \ \
( ( )\___ | '_ | '_| | '_ \/ _` | \ \ \ \
 \\/  ___)| |_)| | | | | || (_| |  ) ) ) )
  '  |____| .__|_| |_|_| |_\__, | / / / /
 =========|_|==============|___/=/_/_/_/

 :: Spring Boot ::                (v3.4.0)

2025-10-24T20:18:07.551+07:00  INFO 31917 --- [api-gateway] [           main] a.t.api_gateway.BackEndApplicationTests  : Starting BackEndApplicationTests using Java 21.0.8 with PID 31917 (started by thug in /home/thug/projects/aws-todo-list-project/todolist-backend/api-gateway)
2025-10-24T20:18:07.552+07:00  INFO 31917 --- [api-gateway] [           main] a.t.api_gateway.BackEndApplicationTests  : No active profile set, falling back to 1 default profile: "default"
2025-10-24T20:18:08.349+07:00  INFO 31917 --- [api-gateway] [           main] .s.d.r.c.RepositoryConfigurationDelegate : Multiple Spring Data modules found, entering strict repository configuration mode
2025-10-24T20:18:08.351+07:00  INFO 31917 --- [api-gateway] [           main] .s.d.r.c.RepositoryConfigurationDelegate : Bootstrapping Spring Data Redis repositories in DEFAULT mode.
2025-10-24T20:18:08.367+07:00  INFO 31917 --- [api-gateway] [           main] .s.d.r.c.RepositoryConfigurationDelegate : Finished Spring Data repository scanning in 7 ms. Found 0 Redis repository interfaces.
2025-10-24T20:18:08.460+07:00  INFO 31917 --- [api-gateway] [           main] o.s.cloud.context.scope.GenericScope     : BeanFactory id=e083f79a-af0e-36bd-b17a-8e39e1838697
2025-10-24T20:18:09.175+07:00 DEBUG 31917 --- [api-gateway] [           main] o.s.c.gateway.config.GatewayProperties   : Routes supplied from Gateway Properties: [RouteDefinition{id='user-service', predicates=[PredicateDefinition{name='Path', args={_genkey_0=/api/user/**}}], filters=[], uri=http://localhost:8081, order=0, metadata={cors={allowedOrigins=http://localhost:4200, allowedMethods=*, allowedHeaders=*, allowCredentials=true}}, enabled=true}, RouteDefinition{id='taskflow-service', predicates=[PredicateDefinition{name='Path', args={_genkey_0=/api/taskflow/**}}], filters=[], uri=http://localhost:8082, order=0, metadata={cors={allowedOrigins=http://localhost:4200, allowedMethods=*, allowedHeaders=*, allowCredentials=true}}, enabled=true}]
2025-10-24T20:18:09.306+07:00  INFO 31917 --- [api-gateway] [           main] o.s.c.g.r.RouteDefinitionRouteLocator    : Loaded RoutePredicateFactory [After]
2025-10-24T20:18:09.307+07:00  INFO 31917 --- [api-gateway] [           main] o.s.c.g.r.RouteDefinitionRouteLocator    : Loaded RoutePredicateFactory [Before]
2025-10-24T20:18:09.307+07:00  INFO 31917 --- [api-gateway] [           main] o.s.c.g.r.RouteDefinitionRouteLocator    : Loaded RoutePredicateFactory [Between]
2025-10-24T20:18:09.307+07:00  INFO 31917 --- [api-gateway] [           main] o.s.c.g.r.RouteDefinitionRouteLocator    : Loaded RoutePredicateFactory [Cookie]
2025-10-24T20:18:09.307+07:00  INFO 31917 --- [api-gateway] [           main] o.s.c.g.r.RouteDefinitionRouteLocator    : Loaded RoutePredicateFactory [Header]
2025-10-24T20:18:09.307+07:00  INFO 31917 --- [api-gateway] [           main] o.s.c.g.r.RouteDefinitionRouteLocator    : Loaded RoutePredicateFactory [Host]
2025-10-24T20:18:09.307+07:00  INFO 31917 --- [api-gateway] [           main] o.s.c.g.r.RouteDefinitionRouteLocator    : Loaded RoutePredicateFactory [Method]
2025-10-24T20:18:09.307+07:00  INFO 31917 --- [api-gateway] [           main] o.s.c.g.r.RouteDefinitionRouteLocator    : Loaded RoutePredicateFactory [Path]
2025-10-24T20:18:09.307+07:00  INFO 31917 --- [api-gateway] [           main] o.s.c.g.r.RouteDefinitionRouteLocator    : Loaded RoutePredicateFactory [Query]
2025-10-24T20:18:09.307+07:00  INFO 31917 --- [api-gateway] [           main] o.s.c.g.r.RouteDefinitionRouteLocator    : Loaded RoutePredicateFactory [ReadBody]
2025-10-24T20:18:09.307+07:00  INFO 31917 --- [api-gateway] [           main] o.s.c.g.r.RouteDefinitionRouteLocator    : Loaded RoutePredicateFactory [RemoteAddr]
2025-10-24T20:18:09.308+07:00  INFO 31917 --- [api-gateway] [           main] o.s.c.g.r.RouteDefinitionRouteLocator    : Loaded RoutePredicateFactory [XForwardedRemoteAddr]
2025-10-24T20:18:09.308+07:00  INFO 31917 --- [api-gateway] [           main] o.s.c.g.r.RouteDefinitionRouteLocator    : Loaded RoutePredicateFactory [Weight]
2025-10-24T20:18:09.308+07:00  INFO 31917 --- [api-gateway] [           main] o.s.c.g.r.RouteDefinitionRouteLocator    : Loaded RoutePredicateFactory [CloudFoundryRouteService]
2025-10-24T20:18:09.383+07:00 DEBUG 31917 --- [api-gateway] [           main] o.s.w.r.handler.SimpleUrlHandlerMapping  : Patterns [/webjars/**, /**] in 'resourceHandlerMapping'
2025-10-24T20:18:09.606+07:00  INFO 31917 --- [api-gateway] [           main] o.s.b.a.e.web.EndpointLinksResolver      : Exposing 16 endpoints beneath base path '/actuator'
2025-10-24T20:18:09.663+07:00 DEBUG 31917 --- [api-gateway] [           main] o.s.w.r.r.m.a.ControllerMethodResolver   : ControllerAdvice beans: none
2025-10-24T20:18:09.709+07:00 DEBUG 31917 --- [api-gateway] [           main] o.s.w.s.adapter.HttpWebHandlerAdapter    : enableLoggingRequestDetails='false': form data and headers will be masked to prevent unsafe logging of potentially sensitive data
2025-10-24T20:18:09.882+07:00 DEBUG 31917 --- [api-gateway] [           main] o.s.c.g.r.RouteDefinitionRouteLocator    : RouteDefinition user-service applying {_genkey_0=/api/user/**} to Path
2025-10-24T20:18:09.895+07:00 DEBUG 31917 --- [api-gateway] [           main] o.s.c.g.r.RouteDefinitionRouteLocator    : RouteDefinition matched: user-service
2025-10-24T20:18:09.896+07:00 DEBUG 31917 --- [api-gateway] [           main] o.s.c.g.r.RouteDefinitionRouteLocator    : RouteDefinition taskflow-service applying {_genkey_0=/api/taskflow/**} to Path
2025-10-24T20:18:09.898+07:00 DEBUG 31917 --- [api-gateway] [           main] o.s.c.g.r.RouteDefinitionRouteLocator    : RouteDefinition matched: taskflow-service
2025-10-24T20:18:09.906+07:00 DEBUG 31917 --- [api-gateway] [           main] o.s.c.g.filter.GatewayMetricsFilter      : New routes count: 2
2025-10-24T20:18:09.908+07:00  INFO 31917 --- [api-gateway] [           main] a.t.api_gateway.BackEndApplicationTests  : Started BackEndApplicationTests in 2.614 seconds (process running for 3.269)
]]></system-out>
    <system-err><![CDATA[Mockito is currently self-attaching to enable the inline-mock-maker. This will no longer work in future releases of the JDK. Please add Mockito as an agent to your build what is described in Mockito's documentation: https://javadoc.io/doc/org.mockito/mockito-core/latest/org/mockito/Mockito.html#0.3
WARNING: A Java agent has been loaded dynamically (/home/thug/.m2/repository/net/bytebuddy/byte-buddy-agent/1.15.10/byte-buddy-agent-1.15.10.jar)
WARNING: If a serviceability tool is in use, please run with -XX:+EnableDynamicAgentLoading to hide this warning
WARNING: If a serviceability tool is not in use, please run with -Djdk.instrument.traceUsage for more information
WARNING: Dynamic loading of agents will be disallowed by default in a future release
]]></system-err>
  </testcase>
</testsuite>